<?xml version="1.0" encoding="UTF-8"?>
<testsuite xmlns:xsi="http://www.w3.org/2001/XMLSchema-instance" xsi:noNamespaceSchemaLocation="https://maven.apache.org/surefire/maven-surefire-plugin/xsd/surefire-test-report-3.0.xsd" version="3.0" name="org.epam.repository.StudentServiceTest" time="0.068" tests="11" errors="0" skipped="0" failures="0">
  <properties>
    <property name="sun.desktop" value="windows"/>
    <property name="awt.toolkit" value="sun.awt.windows.WToolkit"/>
    <property name="java.specification.version" value="11"/>
    <property name="sun.cpu.isalist" value="amd64"/>
    <property name="sun.jnu.encoding" value="Cp1251"/>
    <property name="java.class.path" value="D:\epamHomework\lab2\learning-center-ipml\target\test-classes;D:\epamHomework\lab2\learning-center-ipml\target\classes;D:\epamHomework\lab2\learning-center-api\target\learning-center-api-1.0-SNAPSHOT.jar;D:\epamHomework\lab2\learning-center-model\build\libs\learning-center-model.jar;C:\Users\gonch\.m2\repository\org\yaml\snakeyaml\1.25\snakeyaml-1.25.jar;C:\Users\gonch\.m2\repository\com\fasterxml\jackson\dataformat\jackson-dataformat-yaml\2.10.3\jackson-dataformat-yaml-2.10.3.jar;C:\Users\gonch\.m2\repository\com\fasterxml\jackson\core\jackson-core\2.10.3\jackson-core-2.10.3.jar;C:\Users\gonch\.m2\repository\com\fasterxml\jackson\core\jackson-databind\2.10.0\jackson-databind-2.10.0.jar;C:\Users\gonch\.m2\repository\com\fasterxml\jackson\core\jackson-annotations\2.10.0\jackson-annotations-2.10.0.jar;C:\Users\gonch\.m2\repository\org\junit\jupiter\junit-jupiter-engine\5.8.2\junit-jupiter-engine-5.8.2.jar;C:\Users\gonch\.m2\repository\org\junit\platform\junit-platform-engine\1.8.2\junit-platform-engine-1.8.2.jar;C:\Users\gonch\.m2\repository\org\apiguardian\apiguardian-api\1.1.2\apiguardian-api-1.1.2.jar;C:\Users\gonch\.m2\repository\org\junit\jupiter\junit-jupiter-api\5.8.2\junit-jupiter-api-5.8.2.jar;C:\Users\gonch\.m2\repository\org\opentest4j\opentest4j\1.2.0\opentest4j-1.2.0.jar;C:\Users\gonch\.m2\repository\org\junit\platform\junit-platform-commons\1.8.2\junit-platform-commons-1.8.2.jar;C:\Users\gonch\.m2\repository\org\junit\jupiter\junit-jupiter-params\5.8.2\junit-jupiter-params-5.8.2.jar;C:\Users\gonch\.m2\repository\org\junit\platform\junit-platform-suite\1.8.2\junit-platform-suite-1.8.2.jar;C:\Users\gonch\.m2\repository\org\junit\platform\junit-platform-suite-api\1.8.2\junit-platform-suite-api-1.8.2.jar;C:\Users\gonch\.m2\repository\org\junit\platform\junit-platform-suite-engine\1.8.2\junit-platform-suite-engine-1.8.2.jar;C:\Users\gonch\.m2\repository\org\junit\platform\junit-platform-suite-commons\1.8.2\junit-platform-suite-commons-1.8.2.jar;C:\Users\gonch\.m2\repository\org\junit\platform\junit-platform-launcher\1.8.2\junit-platform-launcher-1.8.2.jar;C:\Users\gonch\.m2\repository\org\mockito\mockito-core\4.2.0\mockito-core-4.2.0.jar;C:\Users\gonch\.m2\repository\net\bytebuddy\byte-buddy\1.12.4\byte-buddy-1.12.4.jar;C:\Users\gonch\.m2\repository\net\bytebuddy\byte-buddy-agent\1.12.4\byte-buddy-agent-1.12.4.jar;C:\Users\gonch\.m2\repository\org\objenesis\objenesis\3.2\objenesis-3.2.jar;C:\Users\gonch\.m2\repository\org\hamcrest\hamcrest\2.2\hamcrest-2.2.jar;C:\Users\gonch\.m2\repository\org\apache\maven\plugins\maven-dependency-plugin\3.2.0\maven-dependency-plugin-3.2.0.jar;C:\Users\gonch\.m2\repository\org\apache\maven\maven-artifact\3.1.1\maven-artifact-3.1.1.jar;C:\Users\gonch\.m2\repository\org\apache\maven\maven-plugin-api\3.1.1\maven-plugin-api-3.1.1.jar;C:\Users\gonch\.m2\repository\org\eclipse\sisu\org.eclipse.sisu.plexus\0.0.0.M5\org.eclipse.sisu.plexus-0.0.0.M5.jar;C:\Users\gonch\.m2\repository\javax\enterprise\cdi-api\1.0\cdi-api-1.0.jar;C:\Users\gonch\.m2\repository\javax\annotation\jsr250-api\1.0\jsr250-api-1.0.jar;C:\Users\gonch\.m2\repository\javax\inject\javax.inject\1\javax.inject-1.jar;C:\Users\gonch\.m2\repository\com\google\guava\guava\10.0.1\guava-10.0.1.jar;C:\Users\gonch\.m2\repository\com\google\code\findbugs\jsr305\1.3.9\jsr305-1.3.9.jar;C:\Users\gonch\.m2\repository\org\sonatype\sisu\sisu-guice\3.1.0\sisu-guice-3.1.0-no_aop.jar;C:\Users\gonch\.m2\repository\aopalliance\aopalliance\1.0\aopalliance-1.0.jar;C:\Users\gonch\.m2\repository\org\eclipse\sisu\org.eclipse.sisu.inject\0.0.0.M5\org.eclipse.sisu.inject-0.0.0.M5.jar;C:\Users\gonch\.m2\repository\org\apache\maven\maven-model\3.1.1\maven-model-3.1.1.jar;C:\Users\gonch\.m2\repository\org\apache\maven\maven-core\3.1.1\maven-core-3.1.1.jar;C:\Users\gonch\.m2\repository\org\apache\maven\maven-settings-builder\3.1.1\maven-settings-builder-3.1.1.jar;C:\Users\gonch\.m2\repository\org\apache\maven\maven-model-builder\3.1.1\maven-model-builder-3.1.1.jar;C:\Users\gonch\.m2\repository\org\eclipse\aether\aether-impl\0.9.0.M2\aether-impl-0.9.0.M2.jar;C:\Users\gonch\.m2\repository\org\codehaus\plexus\plexus-interpolation\1.19\plexus-interpolation-1.19.jar;C:\Users\gonch\.m2\repository\org\codehaus\plexus\plexus-classworlds\2.5.1\plexus-classworlds-2.5.1.jar;C:\Users\gonch\.m2\repository\org\codehaus\plexus\plexus-component-annotations\1.5.5\plexus-component-annotations-1.5.5.jar;C:\Users\gonch\.m2\repository\org\sonatype\plexus\plexus-sec-dispatcher\1.3\plexus-sec-dispatcher-1.3.jar;C:\Users\gonch\.m2\repository\org\sonatype\plexus\plexus-cipher\1.4\plexus-cipher-1.4.jar;C:\Users\gonch\.m2\repository\org\apache\maven\maven-repository-metadata\3.1.1\maven-repository-metadata-3.1.1.jar;C:\Users\gonch\.m2\repository\org\apache\maven\maven-settings\3.1.1\maven-settings-3.1.1.jar;C:\Users\gonch\.m2\repository\org\apache\maven\maven-aether-provider\3.1.1\maven-aether-provider-3.1.1.jar;C:\Users\gonch\.m2\repository\org\eclipse\aether\aether-spi\0.9.0.M2\aether-spi-0.9.0.M2.jar;C:\Users\gonch\.m2\repository\org\apache\maven\reporting\maven-reporting-api\3.0\maven-reporting-api-3.0.jar;C:\Users\gonch\.m2\repository\org\apache\maven\reporting\maven-reporting-impl\3.0.0\maven-reporting-impl-3.0.0.jar;C:\Users\gonch\.m2\repository\org\apache\maven\doxia\doxia-decoration-model\1.7.4\doxia-decoration-model-1.7.4.jar;C:\Users\gonch\.m2\repository\commons-io\commons-io\2.6\commons-io-2.6.jar;C:\Users\gonch\.m2\repository\org\apache\maven\doxia\doxia-sink-api\1.9.1\doxia-sink-api-1.9.1.jar;C:\Users\gonch\.m2\repository\org\apache\maven\doxia\doxia-logging-api\1.9.1\doxia-logging-api-1.9.1.jar;C:\Users\gonch\.m2\repository\org\apache\maven\doxia\doxia-core\1.9.1\doxia-core-1.9.1.jar;C:\Users\gonch\.m2\repository\org\codehaus\plexus\plexus-container-default\1.7.1\plexus-container-default-1.7.1.jar;C:\Users\gonch\.m2\repository\org\apache\xbean\xbean-reflect\3.7\xbean-reflect-3.7.jar;C:\Users\gonch\.m2\repository\com\google\collections\google-collections\1.0\google-collections-1.0.jar;C:\Users\gonch\.m2\repository\org\apache\httpcomponents\httpclient\4.5.8\httpclient-4.5.8.jar;C:\Users\gonch\.m2\repository\commons-logging\commons-logging\1.2\commons-logging-1.2.jar;C:\Users\gonch\.m2\repository\commons-codec\commons-codec\1.11\commons-codec-1.11.jar;C:\Users\gonch\.m2\repository\org\apache\httpcomponents\httpcore\4.4.11\httpcore-4.4.11.jar;C:\Users\gonch\.m2\repository\org\apache\maven\doxia\doxia-site-renderer\1.9.2\doxia-site-renderer-1.9.2.jar;C:\Users\gonch\.m2\repository\org\apache\maven\doxia\doxia-skin-model\1.9.2\doxia-skin-model-1.9.2.jar;C:\Users\gonch\.m2\repository\org\apache\maven\doxia\doxia-module-xhtml\1.9.1\doxia-module-xhtml-1.9.1.jar;C:\Users\gonch\.m2\repository\org\apache\maven\doxia\doxia-module-xhtml5\1.9.1\doxia-module-xhtml5-1.9.1.jar;C:\Users\gonch\.m2\repository\org\codehaus\plexus\plexus-i18n\1.0-beta-10\plexus-i18n-1.0-beta-10.jar;C:\Users\gonch\.m2\repository\org\codehaus\plexus\plexus-velocity\1.2\plexus-velocity-1.2.jar;C:\Users\gonch\.m2\repository\org\apache\velocity\velocity\1.7\velocity-1.7.jar;C:\Users\gonch\.m2\repository\commons-lang\commons-lang\2.4\commons-lang-2.4.jar;C:\Users\gonch\.m2\repository\org\apache\velocity\velocity-tools\2.0\velocity-tools-2.0.jar;C:\Users\gonch\.m2\repository\commons-beanutils\commons-beanutils\1.7.0\commons-beanutils-1.7.0.jar;C:\Users\gonch\.m2\repository\commons-digester\commons-digester\1.8\commons-digester-1.8.jar;C:\Users\gonch\.m2\repository\commons-chain\commons-chain\1.1\commons-chain-1.1.jar;C:\Users\gonch\.m2\repository\dom4j\dom4j\1.1\dom4j-1.1.jar;C:\Users\gonch\.m2\repository\oro\oro\2.0.8\oro-2.0.8.jar;C:\Users\gonch\.m2\repository\commons-collections\commons-collections\3.2.2\commons-collections-3.2.2.jar;C:\Users\gonch\.m2\repository\org\codehaus\plexus\plexus-archiver\4.2.2\plexus-archiver-4.2.2.jar;C:\Users\gonch\.m2\repository\org\apache\commons\commons-compress\1.20\commons-compress-1.20.jar;C:\Users\gonch\.m2\repository\org\iq80\snappy\snappy\0.4\snappy-0.4.jar;C:\Users\gonch\.m2\repository\org\tukaani\xz\1.8\xz-1.8.jar;C:\Users\gonch\.m2\repository\org\codehaus\plexus\plexus-utils\3.3.0\plexus-utils-3.3.0.jar;C:\Users\gonch\.m2\repository\org\codehaus\plexus\plexus-io\3.2.0\plexus-io-3.2.0.jar;C:\Users\gonch\.m2\repository\org\apache\maven\shared\maven-dependency-analyzer\1.11.3\maven-dependency-analyzer-1.11.3.jar;C:\Users\gonch\.m2\repository\org\ow2\asm\asm\8.0.1\asm-8.0.1.jar;C:\Users\gonch\.m2\repository\org\apache\maven\shared\maven-dependency-tree\3.0.1\maven-dependency-tree-3.0.1.jar;C:\Users\gonch\.m2\repository\org\apache\maven\shared\maven-common-artifact-filters\3.2.0\maven-common-artifact-filters-3.2.0.jar;C:\Users\gonch\.m2\repository\org\apache\maven\shared\maven-artifact-transfer\0.13.1\maven-artifact-transfer-0.13.1.jar;C:\Users\gonch\.m2\repository\org\slf4j\slf4j-api\1.7.5\slf4j-api-1.7.5.jar;C:\Users\gonch\.m2\repository\org\apache\maven\shared\maven-shared-utils\3.3.4\maven-shared-utils-3.3.4.jar;C:\Users\gonch\.m2\repository\org\apache\commons\commons-lang3\3.8.1\commons-lang3-3.8.1.jar;C:\Users\gonch\.m2\repository\org\apache\commons\commons-collections4\4.2\commons-collections4-4.2.jar;C:\Users\gonch\.m2\repository\classworlds\classworlds\1.1\classworlds-1.1.jar;C:\Users\gonch\.m2\repository\org\eclipse\aether\aether-api\0.9.0.M2\aether-api-0.9.0.M2.jar;C:\Users\gonch\.m2\repository\org\eclipse\aether\aether-util\0.9.0.M2\aether-util-0.9.0.M2.jar;"/>
    <property name="java.vm.vendor" value="Oracle Corporation"/>
    <property name="sun.arch.data.model" value="64"/>
    <property name="user.variant" value=""/>
    <property name="java.vendor.url" value="https://openjdk.java.net/"/>
    <property name="user.timezone" value="Europe/Samara"/>
    <property name="java.vm.specification.version" value="11"/>
    <property name="os.name" value="Windows 10"/>
    <property name="sun.java.launcher" value="SUN_STANDARD"/>
    <property name="user.country" value="US"/>
    <property name="sun.boot.library.path" value="C:\Program Files\Java\jdk-11.0.13\bin"/>
    <property name="sun.java.command" value="C:\Users\gonch\AppData\Local\Temp\surefire4559482559431281588\surefirebooter16703336440141266801.jar C:\Users\gonch\AppData\Local\Temp\surefire4559482559431281588 2022-02-04T15-15-14_351-jvmRun1 surefire8230552549471103351tmp surefire_014464838638971295867tmp"/>
    <property name="jdk.debug" value="release"/>
    <property name="surefire.test.class.path" value="D:\epamHomework\lab2\learning-center-ipml\target\test-classes;D:\epamHomework\lab2\learning-center-ipml\target\classes;D:\epamHomework\lab2\learning-center-api\target\learning-center-api-1.0-SNAPSHOT.jar;D:\epamHomework\lab2\learning-center-model\build\libs\learning-center-model.jar;C:\Users\gonch\.m2\repository\org\yaml\snakeyaml\1.25\snakeyaml-1.25.jar;C:\Users\gonch\.m2\repository\com\fasterxml\jackson\dataformat\jackson-dataformat-yaml\2.10.3\jackson-dataformat-yaml-2.10.3.jar;C:\Users\gonch\.m2\repository\com\fasterxml\jackson\core\jackson-core\2.10.3\jackson-core-2.10.3.jar;C:\Users\gonch\.m2\repository\com\fasterxml\jackson\core\jackson-databind\2.10.0\jackson-databind-2.10.0.jar;C:\Users\gonch\.m2\repository\com\fasterxml\jackson\core\jackson-annotations\2.10.0\jackson-annotations-2.10.0.jar;C:\Users\gonch\.m2\repository\org\junit\jupiter\junit-jupiter-engine\5.8.2\junit-jupiter-engine-5.8.2.jar;C:\Users\gonch\.m2\repository\org\junit\platform\junit-platform-engine\1.8.2\junit-platform-engine-1.8.2.jar;C:\Users\gonch\.m2\repository\org\apiguardian\apiguardian-api\1.1.2\apiguardian-api-1.1.2.jar;C:\Users\gonch\.m2\repository\org\junit\jupiter\junit-jupiter-api\5.8.2\junit-jupiter-api-5.8.2.jar;C:\Users\gonch\.m2\repository\org\opentest4j\opentest4j\1.2.0\opentest4j-1.2.0.jar;C:\Users\gonch\.m2\repository\org\junit\platform\junit-platform-commons\1.8.2\junit-platform-commons-1.8.2.jar;C:\Users\gonch\.m2\repository\org\junit\jupiter\junit-jupiter-params\5.8.2\junit-jupiter-params-5.8.2.jar;C:\Users\gonch\.m2\repository\org\junit\platform\junit-platform-suite\1.8.2\junit-platform-suite-1.8.2.jar;C:\Users\gonch\.m2\repository\org\junit\platform\junit-platform-suite-api\1.8.2\junit-platform-suite-api-1.8.2.jar;C:\Users\gonch\.m2\repository\org\junit\platform\junit-platform-suite-engine\1.8.2\junit-platform-suite-engine-1.8.2.jar;C:\Users\gonch\.m2\repository\org\junit\platform\junit-platform-suite-commons\1.8.2\junit-platform-suite-commons-1.8.2.jar;C:\Users\gonch\.m2\repository\org\junit\platform\junit-platform-launcher\1.8.2\junit-platform-launcher-1.8.2.jar;C:\Users\gonch\.m2\repository\org\mockito\mockito-core\4.2.0\mockito-core-4.2.0.jar;C:\Users\gonch\.m2\repository\net\bytebuddy\byte-buddy\1.12.4\byte-buddy-1.12.4.jar;C:\Users\gonch\.m2\repository\net\bytebuddy\byte-buddy-agent\1.12.4\byte-buddy-agent-1.12.4.jar;C:\Users\gonch\.m2\repository\org\objenesis\objenesis\3.2\objenesis-3.2.jar;C:\Users\gonch\.m2\repository\org\hamcrest\hamcrest\2.2\hamcrest-2.2.jar;C:\Users\gonch\.m2\repository\org\apache\maven\plugins\maven-dependency-plugin\3.2.0\maven-dependency-plugin-3.2.0.jar;C:\Users\gonch\.m2\repository\org\apache\maven\maven-artifact\3.1.1\maven-artifact-3.1.1.jar;C:\Users\gonch\.m2\repository\org\apache\maven\maven-plugin-api\3.1.1\maven-plugin-api-3.1.1.jar;C:\Users\gonch\.m2\repository\org\eclipse\sisu\org.eclipse.sisu.plexus\0.0.0.M5\org.eclipse.sisu.plexus-0.0.0.M5.jar;C:\Users\gonch\.m2\repository\javax\enterprise\cdi-api\1.0\cdi-api-1.0.jar;C:\Users\gonch\.m2\repository\javax\annotation\jsr250-api\1.0\jsr250-api-1.0.jar;C:\Users\gonch\.m2\repository\javax\inject\javax.inject\1\javax.inject-1.jar;C:\Users\gonch\.m2\repository\com\google\guava\guava\10.0.1\guava-10.0.1.jar;C:\Users\gonch\.m2\repository\com\google\code\findbugs\jsr305\1.3.9\jsr305-1.3.9.jar;C:\Users\gonch\.m2\repository\org\sonatype\sisu\sisu-guice\3.1.0\sisu-guice-3.1.0-no_aop.jar;C:\Users\gonch\.m2\repository\aopalliance\aopalliance\1.0\aopalliance-1.0.jar;C:\Users\gonch\.m2\repository\org\eclipse\sisu\org.eclipse.sisu.inject\0.0.0.M5\org.eclipse.sisu.inject-0.0.0.M5.jar;C:\Users\gonch\.m2\repository\org\apache\maven\maven-model\3.1.1\maven-model-3.1.1.jar;C:\Users\gonch\.m2\repository\org\apache\maven\maven-core\3.1.1\maven-core-3.1.1.jar;C:\Users\gonch\.m2\repository\org\apache\maven\maven-settings-builder\3.1.1\maven-settings-builder-3.1.1.jar;C:\Users\gonch\.m2\repository\org\apache\maven\maven-model-builder\3.1.1\maven-model-builder-3.1.1.jar;C:\Users\gonch\.m2\repository\org\eclipse\aether\aether-impl\0.9.0.M2\aether-impl-0.9.0.M2.jar;C:\Users\gonch\.m2\repository\org\codehaus\plexus\plexus-interpolation\1.19\plexus-interpolation-1.19.jar;C:\Users\gonch\.m2\repository\org\codehaus\plexus\plexus-classworlds\2.5.1\plexus-classworlds-2.5.1.jar;C:\Users\gonch\.m2\repository\org\codehaus\plexus\plexus-component-annotations\1.5.5\plexus-component-annotations-1.5.5.jar;C:\Users\gonch\.m2\repository\org\sonatype\plexus\plexus-sec-dispatcher\1.3\plexus-sec-dispatcher-1.3.jar;C:\Users\gonch\.m2\repository\org\sonatype\plexus\plexus-cipher\1.4\plexus-cipher-1.4.jar;C:\Users\gonch\.m2\repository\org\apache\maven\maven-repository-metadata\3.1.1\maven-repository-metadata-3.1.1.jar;C:\Users\gonch\.m2\repository\org\apache\maven\maven-settings\3.1.1\maven-settings-3.1.1.jar;C:\Users\gonch\.m2\repository\org\apache\maven\maven-aether-provider\3.1.1\maven-aether-provider-3.1.1.jar;C:\Users\gonch\.m2\repository\org\eclipse\aether\aether-spi\0.9.0.M2\aether-spi-0.9.0.M2.jar;C:\Users\gonch\.m2\repository\org\apache\maven\reporting\maven-reporting-api\3.0\maven-reporting-api-3.0.jar;C:\Users\gonch\.m2\repository\org\apache\maven\reporting\maven-reporting-impl\3.0.0\maven-reporting-impl-3.0.0.jar;C:\Users\gonch\.m2\repository\org\apache\maven\doxia\doxia-decoration-model\1.7.4\doxia-decoration-model-1.7.4.jar;C:\Users\gonch\.m2\repository\commons-io\commons-io\2.6\commons-io-2.6.jar;C:\Users\gonch\.m2\repository\org\apache\maven\doxia\doxia-sink-api\1.9.1\doxia-sink-api-1.9.1.jar;C:\Users\gonch\.m2\repository\org\apache\maven\doxia\doxia-logging-api\1.9.1\doxia-logging-api-1.9.1.jar;C:\Users\gonch\.m2\repository\org\apache\maven\doxia\doxia-core\1.9.1\doxia-core-1.9.1.jar;C:\Users\gonch\.m2\repository\org\codehaus\plexus\plexus-container-default\1.7.1\plexus-container-default-1.7.1.jar;C:\Users\gonch\.m2\repository\org\apache\xbean\xbean-reflect\3.7\xbean-reflect-3.7.jar;C:\Users\gonch\.m2\repository\com\google\collections\google-collections\1.0\google-collections-1.0.jar;C:\Users\gonch\.m2\repository\org\apache\httpcomponents\httpclient\4.5.8\httpclient-4.5.8.jar;C:\Users\gonch\.m2\repository\commons-logging\commons-logging\1.2\commons-logging-1.2.jar;C:\Users\gonch\.m2\repository\commons-codec\commons-codec\1.11\commons-codec-1.11.jar;C:\Users\gonch\.m2\repository\org\apache\httpcomponents\httpcore\4.4.11\httpcore-4.4.11.jar;C:\Users\gonch\.m2\repository\org\apache\maven\doxia\doxia-site-renderer\1.9.2\doxia-site-renderer-1.9.2.jar;C:\Users\gonch\.m2\repository\org\apache\maven\doxia\doxia-skin-model\1.9.2\doxia-skin-model-1.9.2.jar;C:\Users\gonch\.m2\repository\org\apache\maven\doxia\doxia-module-xhtml\1.9.1\doxia-module-xhtml-1.9.1.jar;C:\Users\gonch\.m2\repository\org\apache\maven\doxia\doxia-module-xhtml5\1.9.1\doxia-module-xhtml5-1.9.1.jar;C:\Users\gonch\.m2\repository\org\codehaus\plexus\plexus-i18n\1.0-beta-10\plexus-i18n-1.0-beta-10.jar;C:\Users\gonch\.m2\repository\org\codehaus\plexus\plexus-velocity\1.2\plexus-velocity-1.2.jar;C:\Users\gonch\.m2\repository\org\apache\velocity\velocity\1.7\velocity-1.7.jar;C:\Users\gonch\.m2\repository\commons-lang\commons-lang\2.4\commons-lang-2.4.jar;C:\Users\gonch\.m2\repository\org\apache\velocity\velocity-tools\2.0\velocity-tools-2.0.jar;C:\Users\gonch\.m2\repository\commons-beanutils\commons-beanutils\1.7.0\commons-beanutils-1.7.0.jar;C:\Users\gonch\.m2\repository\commons-digester\commons-digester\1.8\commons-digester-1.8.jar;C:\Users\gonch\.m2\repository\commons-chain\commons-chain\1.1\commons-chain-1.1.jar;C:\Users\gonch\.m2\repository\dom4j\dom4j\1.1\dom4j-1.1.jar;C:\Users\gonch\.m2\repository\oro\oro\2.0.8\oro-2.0.8.jar;C:\Users\gonch\.m2\repository\commons-collections\commons-collections\3.2.2\commons-collections-3.2.2.jar;C:\Users\gonch\.m2\repository\org\codehaus\plexus\plexus-archiver\4.2.2\plexus-archiver-4.2.2.jar;C:\Users\gonch\.m2\repository\org\apache\commons\commons-compress\1.20\commons-compress-1.20.jar;C:\Users\gonch\.m2\repository\org\iq80\snappy\snappy\0.4\snappy-0.4.jar;C:\Users\gonch\.m2\repository\org\tukaani\xz\1.8\xz-1.8.jar;C:\Users\gonch\.m2\repository\org\codehaus\plexus\plexus-utils\3.3.0\plexus-utils-3.3.0.jar;C:\Users\gonch\.m2\repository\org\codehaus\plexus\plexus-io\3.2.0\plexus-io-3.2.0.jar;C:\Users\gonch\.m2\repository\org\apache\maven\shared\maven-dependency-analyzer\1.11.3\maven-dependency-analyzer-1.11.3.jar;C:\Users\gonch\.m2\repository\org\ow2\asm\asm\8.0.1\asm-8.0.1.jar;C:\Users\gonch\.m2\repository\org\apache\maven\shared\maven-dependency-tree\3.0.1\maven-dependency-tree-3.0.1.jar;C:\Users\gonch\.m2\repository\org\apache\maven\shared\maven-common-artifact-filters\3.2.0\maven-common-artifact-filters-3.2.0.jar;C:\Users\gonch\.m2\repository\org\apache\maven\shared\maven-artifact-transfer\0.13.1\maven-artifact-transfer-0.13.1.jar;C:\Users\gonch\.m2\repository\org\slf4j\slf4j-api\1.7.5\slf4j-api-1.7.5.jar;C:\Users\gonch\.m2\repository\org\apache\maven\shared\maven-shared-utils\3.3.4\maven-shared-utils-3.3.4.jar;C:\Users\gonch\.m2\repository\org\apache\commons\commons-lang3\3.8.1\commons-lang3-3.8.1.jar;C:\Users\gonch\.m2\repository\org\apache\commons\commons-collections4\4.2\commons-collections4-4.2.jar;C:\Users\gonch\.m2\repository\classworlds\classworlds\1.1\classworlds-1.1.jar;C:\Users\gonch\.m2\repository\org\eclipse\aether\aether-api\0.9.0.M2\aether-api-0.9.0.M2.jar;C:\Users\gonch\.m2\repository\org\eclipse\aether\aether-util\0.9.0.M2\aether-util-0.9.0.M2.jar;"/>
    <property name="sun.cpu.endian" value="little"/>
    <property name="user.home" value="C:\Users\gonch"/>
    <property name="user.language" value="en"/>
    <property name="java.specification.vendor" value="Oracle Corporation"/>
    <property name="java.version.date" value="2021-10-19"/>
    <property name="java.home" value="C:\Program Files\Java\jdk-11.0.13"/>
    <property name="file.separator" value="\"/>
    <property name="basedir" value="D:\epamHomework\lab2\learning-center-ipml"/>
    <property name="java.vm.compressedOopsMode" value="Zero based"/>
    <property name="line.separator" value="&#10;"/>
    <property name="java.specification.name" value="Java Platform API Specification"/>
    <property name="java.vm.specification.vendor" value="Oracle Corporation"/>
    <property name="java.awt.graphicsenv" value="sun.awt.Win32GraphicsEnvironment"/>
    <property name="surefire.real.class.path" value="C:\Users\gonch\AppData\Local\Temp\surefire4559482559431281588\surefirebooter16703336440141266801.jar"/>
    <property name="user.script" value=""/>
    <property name="sun.management.compiler" value="HotSpot 64-Bit Tiered Compilers"/>
    <property name="java.runtime.version" value="11.0.13+10-LTS-370"/>
    <property name="user.name" value="gonch"/>
    <property name="path.separator" value=";"/>
    <property name="os.version" value="10.0"/>
    <property name="java.runtime.name" value="Java(TM) SE Runtime Environment"/>
    <property name="file.encoding" value="Cp1251"/>
    <property name="java.vm.name" value="Java HotSpot(TM) 64-Bit Server VM"/>
    <property name="java.vendor.version" value="18.9"/>
    <property name="localRepository" value="C:\Users\gonch\.m2\repository"/>
    <property name="java.vendor.url.bug" value="https://bugreport.java.com/bugreport/"/>
    <property name="java.io.tmpdir" value="C:\Users\gonch\AppData\Local\Temp\"/>
    <property name="java.version" value="11.0.13"/>
    <property name="user.dir" value="D:\epamHomework\lab2\learning-center-ipml"/>
    <property name="os.arch" value="amd64"/>
    <property name="java.vm.specification.name" value="Java Virtual Machine Specification"/>
    <property name="java.awt.printerjob" value="sun.awt.windows.WPrinterJob"/>
    <property name="sun.os.patch.level" value=""/>
    <property name="java.library.path" value="C:\Program Files\Java\jdk-11.0.13\bin;C:\Windows\Sun\Java\bin;C:\Windows\system32;C:\Windows;C:\Windows\system32;C:\Windows;C:\Windows\System32\Wbem;C:\Windows\System32\WindowsPowerShell\v1.0\;C:\Windows\System32\OpenSSH\;D:\Git\cmd;C:\Program Files\Java\jdk-11.0.13\bin;D:\apache-maven-3.8.4\bin;C:\ProgramData\chocolatey\bin;C:\Program Files\NVIDIA Corporation\NVIDIA NvDLISR;C:\Program Files (x86)\NVIDIA Corporation\PhysX\Common;C:\Program Files\node.js\;C:\Program Files\dotnet\;C:\Program Files\Microsoft SQL Server\130\Tools\Binn\;C:\Program Files\Microsoft SQL Server\Client SDK\ODBC\170\Tools\Binn\;C:\Program Files (x86)\Microsoft SQL Server\150\Tools\Binn\;C:\Program Files\Microsoft SQL Server\150\Tools\Binn\;C:\Program Files\Microsoft SQL Server\150\DTS\Binn\;D:\Python;C:\Program Files\Docker\Docker\resources\bin;C:\ProgramData\DockerDesktop\version-bin;C:\Program Files (x86)\dotnet\;C:\Users\gonch\AppData\Local\Microsoft\WindowsApps;C:\Program Files\JetBrains\IntelliJ IDEA 2021.3.1\bin;;C:\Users\gonch\AppData\Roaming\npm;D:\PyCharm 2021.2\bin;;C:\Users\gonch\.dotnet\tools;D:\Python;D:\Python\Scripts;D:\Latex\miktex\bin\x64\;D:\gradle-7.3.3\bin;;."/>
    <property name="java.vendor" value="Oracle Corporation"/>
    <property name="java.vm.info" value="mixed mode"/>
    <property name="java.vm.version" value="11.0.13+10-LTS-370"/>
    <property name="sun.io.unicode.encoding" value="UnicodeLittle"/>
    <property name="java.class.version" value="55.0"/>
  </properties>
  <testcase name="getGradesReport" classname="org.epam.repository.StudentServiceTest" time="0.027"/>
  <testcase name="sortByName" classname="org.epam.repository.StudentServiceTest" time="0.003"/>
  <testcase name="returnStudentIndex" classname="org.epam.repository.StudentServiceTest" time="0.001"/>
  <testcase name="removeStudent" classname="org.epam.repository.StudentServiceTest" time="0.008"/>
  <testcase name="findStudentById" classname="org.epam.repository.StudentServiceTest" time="0.001"/>
  <testcase name="addStudent" classname="org.epam.repository.StudentServiceTest" time="0.002"/>
  <testcase name="updateStudent" classname="org.epam.repository.StudentServiceTest" time="0.001"/>
  <testcase name="calculateAvgGrade" classname="org.epam.repository.StudentServiceTest" time="0.009"/>
  <testcase name="sortByAvgGrade" classname="org.epam.repository.StudentServiceTest" time="0.001"/>
  <testcase name="createReport" classname="org.epam.repository.StudentServiceTest" time="0.001"/>
  <testcase name="filterStudents" classname="org.epam.repository.StudentServiceTest" time="0.006"/>
</testsuite>